
> stock-market-dashboard@0.1.0 build
> react-scripts build

Creating an optimized production build...
Compiled with warnings.

[eslint] 
src/components/Favorites.tsx
  Line 22:9:  'addToFavorites' is assigned a value but never used  @typescript-eslint/no-unused-vars

src/services/stockApi.ts
  Line 57:11:  'amount' is assigned a value but never used  @typescript-eslint/no-unused-vars
  Line 58:11:  'date' is assigned a value but never used    @typescript-eslint/no-unused-vars
  Line 59:11:  'time' is assigned a value but never used    @typescript-eslint/no-unused-vars

Search for the keywords to learn more about each warning.
To ignore, add // eslint-disable-next-line to the line before.

File sizes after gzip:

  79.03 kB  build/static/js/main.23d6a481.js
  1.79 kB   build/static/css/main.d34a8ff4.css
  1.77 kB   build/static/js/453.b9cc003e.chunk.js

The project was built assuming it is hosted at ./.
You can control this with the homepage field in your package.json.

The build folder is ready to be deployed.

Find out more about deployment here:

  https://cra.link/deployment

