 INFO  Accepting connections at http://localhost:3006
 HTTP  2/4/2026 8:07:13 AM ::1 GET /
 HTTP  2/4/2026 8:07:13 AM ::1 Returned 200 in 12 ms
 HTTP  2/4/2026 8:07:13 AM ::1 GET /static/css/main.d34a8ff4.css
 HTTP  2/4/2026 8:07:13 AM ::1 Returned 200 in 4 ms
 HTTP  2/4/2026 8:07:13 AM ::1 GET /static/js/main.23d6a481.js
 HTTP  2/4/2026 8:07:13 AM ::1 Returned 200 in 2 ms
 HTTP  2/4/2026 8:07:13 AM ::1 GET /favicon.ico
 HTTP  2/4/2026 8:07:13 AM ::1 Returned 200 in 2 ms
 HTTP  2/4/2026 8:07:21 AM ::1 GET /static/css/main.d34a8ff4.css
 HTTP  2/4/2026 8:07:21 AM ::1 Returned 304 in 1 ms
 HTTP  2/4/2026 8:07:21 AM ::1 GET /static/js/main.23d6a481.js.map
 HTTP  2/4/2026 8:07:21 AM ::1 Returned 200 in 5 ms
 HTTP  2/4/2026 8:07:21 AM ::1 GET /static/css/main.d34a8ff4.css.map
 HTTP  2/4/2026 8:07:21 AM ::1 Returned 200 in 3 ms
 HTTP  2/4/2026 8:09:30 AM ::1 GET /sectors/favicon.ico
 HTTP  2/4/2026 8:09:30 AM ::1 Returned 200 in 1 ms
 HTTP  2/4/2026 8:13:22 AM ::1 GET /sectors/%E7%A7%91%E6%8A%80
 HTTP  2/4/2026 8:13:22 AM ::1 Returned 200 in 2 ms
 HTTP  2/4/2026 8:13:23 AM ::1 GET /sectors/static/js/main.f9f68d5e.js
 HTTP  2/4/2026 8:13:23 AM ::1 Returned 200 in 2 ms
 HTTP  2/4/2026 8:13:23 AM ::1 GET /sectors/static/css/main.d34a8ff4.css
 HTTP  2/4/2026 8:13:23 AM ::1 Returned 200 in 1 ms
 HTTP  2/4/2026 8:13:23 AM ::1 GET /sectors/favicon.ico
 HTTP  2/4/2026 8:13:23 AM ::1 Returned 200 in 2 ms

 INFO  Gracefully shutting down. Please wait...
